TN:
SF:src/modules/appointments/services/CreateAppointmentService.ts
FN:11,(anonymous_14)
FN:13,CreateAppointmentService
FN:15,(anonymous_16)
FNF:3
FNH:3
FNDA:1,(anonymous_14)
FNDA:2,CreateAppointmentService
FNDA:3,(anonymous_16)
DA:2,1
DA:3,1
DA:11,1
DA:13,2
DA:15,3
DA:17,3
DA:19,3
DA:21,3
DA:22,1
DA:25,2
DA:27,2
DA:29,1
DA:31,1
LF:13
LH:13
BRDA:21,0,0,1
BRDA:21,0,1,2
BRF:2
BRH:2
end_of_record
TN:
SF:src/modules/users/services/AuthenticateUserService.ts
FN:19,(anonymous_14)
FN:21,AuthenticateUserService
FN:23,(anonymous_16)
FNF:3
FNH:3
FNDA:1,(anonymous_14)
FNDA:3,AuthenticateUserService
FNDA:3,(anonymous_16)
DA:3,1
DA:4,1
DA:5,1
DA:19,1
DA:21,3
DA:23,3
DA:25,3
DA:27,3
DA:29,2
DA:31,2
DA:34,1
DA:40,1
DA:42,1
DA:44,1
DA:46,1
LF:15
LH:15
BRDA:25,0,0,3
BRDA:27,1,0,1
BRDA:27,1,1,2
BRDA:31,2,0,1
BRDA:31,2,1,1
BRF:5
BRH:5
end_of_record
TN:
SF:src/modules/users/services/CreateUserService.ts
FN:13,(anonymous_14)
FN:15,CreateUserService
FN:18,(anonymous_16)
FNF:3
FNH:3
FNDA:2,(anonymous_14)
FNDA:6,CreateUserService
FNDA:5,(anonymous_16)
DA:3,2
DA:13,2
DA:15,6
DA:18,5
DA:20,5
DA:22,5
DA:24,4
DA:26,4
DA:28,4
DA:30,2
DA:31,2
LF:11
LH:11
BRDA:20,0,0,5
BRDA:22,1,0,1
BRDA:22,1,1,4
BRF:3
BRH:3
end_of_record
TN:
SF:src/modules/users/services/ResetPasswordService.ts
FN:12,(anonymous_14)
FN:14,ResetPasswordService
FN:20,(anonymous_16)
FNF:3
FNH:3
FNDA:1,(anonymous_14)
FNDA:4,ResetPasswordService
FNDA:4,(anonymous_16)
DA:3,1
DA:5,1
DA:12,1
DA:15,4
DA:16,4
DA:17,4
DA:20,4
DA:21,4
DA:23,4
DA:25,3
DA:27,3
DA:29,2
DA:30,1
DA:33,1
DA:35,2
DA:42,1
LF:16
LH:16
BRDA:21,0,0,4
BRDA:23,1,0,1
BRDA:23,1,1,3
BRDA:27,2,0,1
BRDA:27,2,1,2
BRDA:29,3,0,1
BRDA:29,3,1,1
BRF:7
BRH:7
end_of_record
TN:
SF:src/modules/users/services/SendForgotPasswordEmailService.ts
FN:9,(anonymous_14)
FN:11,SendForgotPasswordEmailService
FN:17,(anonymous_16)
FNF:3
FNH:3
FNDA:1,(anonymous_14)
FNDA:3,SendForgotPasswordEmailService
FNDA:3,(anonymous_16)
DA:4,1
DA:7,1
DA:9,1
DA:12,3
DA:13,3
DA:14,3
DA:17,1
DA:18,3
DA:22,3
DA:24,2
DA:26,4
DA:42,1
LF:12
LH:12
BRDA:18,0,0,3
BRDA:22,1,0,1
BRDA:22,1,1,2
BRF:3
BRH:3
end_of_record
TN:
SF:src/modules/users/services/UpdateProfileService.ts
FN:16,(anonymous_14)
FN:18,UpdateProfileService
FN:23,(anonymous_16)
FNF:3
FNH:3
FNDA:1,(anonymous_14)
FNDA:6,UpdateProfileService
FNDA:6,(anonymous_16)
DA:4,1
DA:16,1
DA:19,6
DA:20,6
DA:23,6
DA:24,6
DA:26,6
DA:28,5
DA:30,5
DA:33,5
DA:34,3
DA:36,2
DA:37,2
DA:39,1
DA:41,2
DA:42,2
DA:44,2
DA:47,1
LF:18
LH:18
BRDA:24,0,0,6
BRDA:26,1,0,1
BRDA:26,1,1,5
BRDA:30,2,0,1
BRDA:30,2,1,4
BRDA:30,3,0,5
BRDA:30,3,1,4
BRDA:33,4,0,1
BRDA:33,4,1,3
BRDA:34,5,0,1
BRDA:34,5,1,2
BRDA:37,6,0,1
BRDA:37,6,1,1
BRDA:37,7,0,2
BRDA:37,7,1,2
BRF:15
BRH:15
end_of_record
TN:
SF:src/modules/users/services/updateUserAvatarService.ts
FN:14,(anonymous_14)
FN:16,updateUserAvatarService
FN:18,(anonymous_16)
FNF:3
FNH:3
FNDA:1,(anonymous_14)
FNDA:3,updateUserAvatarService
FNDA:4,(anonymous_16)
DA:5,1
DA:14,1
DA:16,3
DA:18,4
DA:19,4
DA:20,4
DA:21,1
DA:23,5
DA:24,2
DA:27,3
DA:29,3
DA:31,6
DA:33,3
DA:35,3
DA:37,1
DA:39,1
LF:16
LH:16
BRDA:19,0,0,4
BRDA:19,0,1,3
BRDA:20,1,0,1
BRDA:20,1,1,3
BRDA:23,2,0,2
BRDA:23,2,1,1
BRF:6
BRH:6
end_of_record
